<?xml version="1.0" encoding="UTF-8"?>
<!-- Generated by org.testng.reporters.JUnitXMLReporter -->
<testsuite hostname="adem.local" name="HubSpot Functional Regression Test -- firefox" tests="12" failures="12" timestamp="29 Jul 2020 07:39:54 GMT" time="15.725" errors="0">
  <testcase name="verifyPageTitleTest" time="0.021" classname="com.qa.hubspot.test.LoginPageTest">
    <failure type="java.lang.NoSuchMethodError" message="org.testng.ITestNGMethod.getQualifiedName()Ljava/lang/String;">
      <![CDATA[java.lang.NoSuchMethodError: org.testng.ITestNGMethod.getQualifiedName()Ljava/lang/String;
	at com.qa.hubspot.listener.ExtentReportListener.onTestStart(ExtentReportListener.java:68)
	at java.util.concurrent.ThreadPoolExecutor.runWorker(ThreadPoolExecutor.java:1149)
	at java.util.concurrent.ThreadPoolExecutor$Worker.run(ThreadPoolExecutor.java:624)
	at java.lang.Thread.run(Thread.java:748)
... Removed 7 stack frames]]>
    </failure>
  </testcase> <!-- verifyPageTitleTest -->
  <testcase name="verifyHomePageTitle" time="0.021" classname="com.qa.hubspot.test.HomePageTest">
    <failure type="java.lang.NoSuchMethodError" message="org.testng.ITestNGMethod.getQualifiedName()Ljava/lang/String;">
      <![CDATA[java.lang.NoSuchMethodError: org.testng.ITestNGMethod.getQualifiedName()Ljava/lang/String;
	at com.qa.hubspot.listener.ExtentReportListener.onTestStart(ExtentReportListener.java:68)
	at java.util.concurrent.ThreadPoolExecutor.runWorker(ThreadPoolExecutor.java:1149)
	at java.util.concurrent.ThreadPoolExecutor$Worker.run(ThreadPoolExecutor.java:624)
	at java.lang.Thread.run(Thread.java:748)
... Removed 7 stack frames]]>
    </failure>
  </testcase> <!-- verifyHomePageTitle -->
  <testcase name="verifyHomePageTitle" time="0.035" classname="com.qa.hubspot.test.HomePageTest">
    <failure type="java.lang.NullPointerException">
      <![CDATA[java.lang.NullPointerException
	at com.qa.hubspot.base.BasePage.getScreenshot(BasePage.java:117)
	at com.qa.hubspot.listener.ExtentReportListener.onTestFailure(ExtentReportListener.java:97)
	at java.util.concurrent.ThreadPoolExecutor.runWorker(ThreadPoolExecutor.java:1149)
	at java.util.concurrent.ThreadPoolExecutor$Worker.run(ThreadPoolExecutor.java:624)
	at java.lang.Thread.run(Thread.java:748)
... Removed 7 stack frames]]>
    </failure>
  </testcase> <!-- verifyHomePageTitle -->
  <testcase name="verifyPageTitleTest" time="0.036" classname="com.qa.hubspot.test.LoginPageTest">
    <failure type="java.lang.NullPointerException">
      <![CDATA[java.lang.NullPointerException
	at com.qa.hubspot.base.BasePage.getScreenshot(BasePage.java:117)
	at com.qa.hubspot.listener.ExtentReportListener.onTestFailure(ExtentReportListener.java:97)
	at java.util.concurrent.ThreadPoolExecutor.runWorker(ThreadPoolExecutor.java:1149)
	at java.util.concurrent.ThreadPoolExecutor$Worker.run(ThreadPoolExecutor.java:624)
	at java.lang.Thread.run(Thread.java:748)
... Removed 7 stack frames]]>
    </failure>
  </testcase> <!-- verifyPageTitleTest -->
  <testcase name="verifySignUpLink" time="0.005" classname="com.qa.hubspot.test.LoginPageTest">
    <failure type="java.lang.NoSuchMethodError" message="org.testng.ITestNGMethod.getQualifiedName()Ljava/lang/String;">
      <![CDATA[java.lang.NoSuchMethodError: org.testng.ITestNGMethod.getQualifiedName()Ljava/lang/String;
	at com.qa.hubspot.listener.ExtentReportListener.onTestStart(ExtentReportListener.java:68)
	at java.util.concurrent.ThreadPoolExecutor.runWorker(ThreadPoolExecutor.java:1149)
	at java.util.concurrent.ThreadPoolExecutor$Worker.run(ThreadPoolExecutor.java:624)
	at java.lang.Thread.run(Thread.java:748)
... Removed 7 stack frames]]>
    </failure>
  </testcase> <!-- verifySignUpLink -->
  <testcase name="verifySignUpLink" time="0.009" classname="com.qa.hubspot.test.LoginPageTest">
    <failure type="java.lang.NullPointerException">
      <![CDATA[java.lang.NullPointerException
	at com.qa.hubspot.base.BasePage.getScreenshot(BasePage.java:117)
	at com.qa.hubspot.listener.ExtentReportListener.onTestFailure(ExtentReportListener.java:97)
	at java.util.concurrent.ThreadPoolExecutor.runWorker(ThreadPoolExecutor.java:1149)
	at java.util.concurrent.ThreadPoolExecutor$Worker.run(ThreadPoolExecutor.java:624)
	at java.lang.Thread.run(Thread.java:748)
... Removed 7 stack frames]]>
    </failure>
  </testcase> <!-- verifySignUpLink -->
  <testcase name="verifyHomePageHeaderTest" time="0.002" classname="com.qa.hubspot.test.HomePageTest">
    <failure type="java.lang.NoSuchMethodError" message="org.testng.ITestNGMethod.getQualifiedName()Ljava/lang/String;">
      <![CDATA[java.lang.NoSuchMethodError: org.testng.ITestNGMethod.getQualifiedName()Ljava/lang/String;
	at com.qa.hubspot.listener.ExtentReportListener.onTestStart(ExtentReportListener.java:68)
	at java.util.concurrent.ThreadPoolExecutor.runWorker(ThreadPoolExecutor.java:1149)
	at java.util.concurrent.ThreadPoolExecutor$Worker.run(ThreadPoolExecutor.java:624)
	at java.lang.Thread.run(Thread.java:748)
... Removed 7 stack frames]]>
    </failure>
  </testcase> <!-- verifyHomePageHeaderTest -->
  <testcase name="verifyHomePageHeaderTest" time="0.007" classname="com.qa.hubspot.test.HomePageTest">
    <failure type="java.lang.NullPointerException">
      <![CDATA[java.lang.NullPointerException
	at com.qa.hubspot.base.BasePage.getScreenshot(BasePage.java:117)
	at com.qa.hubspot.listener.ExtentReportListener.onTestFailure(ExtentReportListener.java:97)
	at java.util.concurrent.ThreadPoolExecutor.runWorker(ThreadPoolExecutor.java:1149)
	at java.util.concurrent.ThreadPoolExecutor$Worker.run(ThreadPoolExecutor.java:624)
	at java.lang.Thread.run(Thread.java:748)
... Removed 7 stack frames]]>
    </failure>
  </testcase> <!-- verifyHomePageHeaderTest -->
  <testcase name="loginTest" time="0.018" classname="com.qa.hubspot.test.LoginPageTest">
    <failure type="java.lang.NoSuchMethodError" message="org.testng.ITestNGMethod.getQualifiedName()Ljava/lang/String;">
      <![CDATA[java.lang.NoSuchMethodError: org.testng.ITestNGMethod.getQualifiedName()Ljava/lang/String;
	at com.qa.hubspot.listener.ExtentReportListener.onTestStart(ExtentReportListener.java:68)
	at java.util.concurrent.ThreadPoolExecutor.runWorker(ThreadPoolExecutor.java:1149)
	at java.util.concurrent.ThreadPoolExecutor$Worker.run(ThreadPoolExecutor.java:624)
	at java.lang.Thread.run(Thread.java:748)
... Removed 7 stack frames]]>
    </failure>
  </testcase> <!-- loginTest -->
  <testcase name="verifyLoggedInUserTest" time="0.02" classname="com.qa.hubspot.test.HomePageTest">
    <failure type="java.lang.NoSuchMethodError" message="org.testng.ITestNGMethod.getQualifiedName()Ljava/lang/String;">
      <![CDATA[java.lang.NoSuchMethodError: org.testng.ITestNGMethod.getQualifiedName()Ljava/lang/String;
	at com.qa.hubspot.listener.ExtentReportListener.onTestStart(ExtentReportListener.java:68)
	at java.util.concurrent.ThreadPoolExecutor.runWorker(ThreadPoolExecutor.java:1149)
	at java.util.concurrent.ThreadPoolExecutor$Worker.run(ThreadPoolExecutor.java:624)
	at java.lang.Thread.run(Thread.java:748)
... Removed 7 stack frames]]>
    </failure>
  </testcase> <!-- verifyLoggedInUserTest -->
  <testcase name="loginTest" time="0.03" classname="com.qa.hubspot.test.LoginPageTest">
    <failure type="java.lang.NullPointerException">
      <![CDATA[java.lang.NullPointerException
	at com.qa.hubspot.base.BasePage.getScreenshot(BasePage.java:117)
	at com.qa.hubspot.listener.ExtentReportListener.onTestFailure(ExtentReportListener.java:97)
	at java.util.concurrent.ThreadPoolExecutor.runWorker(ThreadPoolExecutor.java:1149)
	at java.util.concurrent.ThreadPoolExecutor$Worker.run(ThreadPoolExecutor.java:624)
	at java.lang.Thread.run(Thread.java:748)
... Removed 7 stack frames]]>
    </failure>
  </testcase> <!-- loginTest -->
  <testcase name="verifyLoggedInUserTest" time="0.023" classname="com.qa.hubspot.test.HomePageTest">
    <failure type="java.lang.NullPointerException">
      <![CDATA[java.lang.NullPointerException
	at com.qa.hubspot.base.BasePage.getScreenshot(BasePage.java:117)
	at com.qa.hubspot.listener.ExtentReportListener.onTestFailure(ExtentReportListener.java:97)
	at java.util.concurrent.ThreadPoolExecutor.runWorker(ThreadPoolExecutor.java:1149)
	at java.util.concurrent.ThreadPoolExecutor$Worker.run(ThreadPoolExecutor.java:624)
	at java.lang.Thread.run(Thread.java:748)
... Removed 7 stack frames]]>
    </failure>
  </testcase> <!-- verifyLoggedInUserTest -->
</testsuite> <!-- HubSpot Functional Regression Test - firefox -->
