<?xml version="1.0" encoding="UTF-8"?>
<!-- Generated by org.testng.reporters.JUnitXMLReporter -->
<testsuite hostname="adem.local" name="Default test" tests="2" failures="0" timestamp="3 Aug 2020 20:22:56 GMT" time="12.349" errors="0">
  <testcase name="verifyContactsPageTitle" time="0.345" classname="com.qa.hubspot.test.ContactsPageTest"/>
  <testcase name="createContactsTest" time="0.0" classname="com.qa.hubspot.test.ContactsPageTest">
    <skipped/>
  </testcase> <!-- createContactsTest -->
</testsuite> <!-- Default test -->
