<?xml version="1.0" encoding="UTF-8"?>
<!-- Generated by org.testng.reporters.JUnitXMLReporter -->
<testsuite hostname="adem.local" name="HubSpot Fuctional Regression Test" tests="8" failures="0" timestamp="3 Aug 2020 20:26:28 GMT" time="34.98" errors="0">
  <testcase name="verifyPageTitleTest" time="5.104" classname="com.qa.hubspot.test.LoginPageTest"/>
  <testcase name="verifySignUpLink" time="0.104" classname="com.qa.hubspot.test.LoginPageTest"/>
  <testcase name="loginTest" time="2.649" classname="com.qa.hubspot.test.LoginPageTest"/>
  <testcase name="verifyHomePageTitle" time="0.014" classname="com.qa.hubspot.test.HomePageTest"/>
  <testcase name="verifyHomePageHeaderTest" time="0.026" classname="com.qa.hubspot.test.HomePageTest"/>
  <testcase name="verifyLoggedInUserTest" time="0.03" classname="com.qa.hubspot.test.HomePageTest"/>
  <testcase name="verifyContactsPageTitle" time="0.012" classname="com.qa.hubspot.test.ContactsPageTest"/>
  <testcase name="createContactsTest" time="0.0" classname="com.qa.hubspot.test.ContactsPageTest">
    <skipped/>
  </testcase> <!-- createContactsTest -->
</testsuite> <!-- HubSpot Fuctional Regression Test -->
