<?xml version="1.0" encoding="UTF-8"?>
<testng-results skipped="1" failed="0" total="8" passed="7">
  <reporter-output>
  </reporter-output>
  <suite name="HubSpot Regression Test Suite" duration-ms="34980" started-at="2020-08-03T20:25:53Z" finished-at="2020-08-03T20:26:28Z">
    <groups>
      <group name="sanity">
        <method signature="LoginPageTest.verifyPageTitleTest()[pri:1, instance:com.qa.hubspot.test.LoginPageTest@5ab14cb9]" name="verifyPageTitleTest" class="com.qa.hubspot.test.LoginPageTest"/>
      </group> <!-- sanity -->
    </groups>
    <test name="HubSpot Fuctional Regression Test" duration-ms="34980" started-at="2020-08-03T20:25:53Z" finished-at="2020-08-03T20:26:28Z">
      <class name="com.qa.hubspot.test.LoginPageTest">
        <test-method status="PASS" signature="verifyPageTitleTest()[pri:1, instance:com.qa.hubspot.test.LoginPageTest@5ab14cb9]" name="verifyPageTitleTest" duration-ms="5104" started-at="2020-08-03T16:26:19Z" description="get title as HubSpot Login" finished-at="2020-08-03T16:26:24Z">
          <reporter-output>
          </reporter-output>
        </test-method> <!-- verifyPageTitleTest -->
        <test-method status="PASS" signature="verifySignUpLink()[pri:2, instance:com.qa.hubspot.test.LoginPageTest@5ab14cb9]" name="verifySignUpLink" duration-ms="104" started-at="2020-08-03T16:26:24Z" description="verify signup link in Login page" finished-at="2020-08-03T16:26:24Z">
          <reporter-output>
          </reporter-output>
        </test-method> <!-- verifySignUpLink -->
        <test-method status="PASS" signature="loginTest()[pri:3, instance:com.qa.hubspot.test.LoginPageTest@5ab14cb9]" name="loginTest" duration-ms="2649" started-at="2020-08-03T16:26:24Z" description="login page wrong credentials" finished-at="2020-08-03T16:26:27Z">
          <reporter-output>
          </reporter-output>
        </test-method> <!-- loginTest -->
      </class> <!-- com.qa.hubspot.test.LoginPageTest -->
      <class name="com.qa.hubspot.test.HomePageTest">
        <test-method status="PASS" signature="verifyHomePageTitle()[pri:1, instance:com.qa.hubspot.test.HomePageTest@5fb97279]" name="verifyHomePageTitle" duration-ms="14" started-at="2020-08-03T16:26:27Z" description="verify homepage title" finished-at="2020-08-03T16:26:27Z">
          <reporter-output>
          </reporter-output>
        </test-method> <!-- verifyHomePageTitle -->
        <test-method status="PASS" signature="verifyHomePageHeaderTest()[pri:2, instance:com.qa.hubspot.test.HomePageTest@5fb97279]" name="verifyHomePageHeaderTest" duration-ms="26" started-at="2020-08-03T16:26:27Z" description="verify homepage header" finished-at="2020-08-03T16:26:27Z">
          <reporter-output>
          </reporter-output>
        </test-method> <!-- verifyHomePageHeaderTest -->
        <test-method status="PASS" signature="verifyLoggedInUserTest()[pri:3, instance:com.qa.hubspot.test.HomePageTest@5fb97279]" name="verifyLoggedInUserTest" duration-ms="30" started-at="2020-08-03T16:26:27Z" description="verify logged account" finished-at="2020-08-03T16:26:27Z">
          <reporter-output>
          </reporter-output>
        </test-method> <!-- verifyLoggedInUserTest -->
      </class> <!-- com.qa.hubspot.test.HomePageTest -->
      <class name="com.qa.hubspot.test.ContactsPageTest">
        <test-method status="PASS" signature="setUp()[pri:0, instance:com.qa.hubspot.test.ContactsPageTest@439a8f59]" name="setUp" is-config="true" duration-ms="11592" started-at="2020-08-03T16:25:54Z" finished-at="2020-08-03T16:26:05Z">
          <reporter-output>
          </reporter-output>
        </test-method> <!-- setUp -->
        <test-method status="PASS" signature="setUp()[pri:0, instance:com.qa.hubspot.test.HomePageTest@5fb97279]" name="setUp" is-config="true" duration-ms="12056" started-at="2020-08-03T16:26:05Z" finished-at="2020-08-03T16:26:17Z">
          <reporter-output>
          </reporter-output>
        </test-method> <!-- setUp -->
        <test-method status="PASS" signature="setUp()[pri:0, instance:com.qa.hubspot.test.LoginPageTest@5ab14cb9]" name="setUp" is-config="true" duration-ms="1404" started-at="2020-08-03T16:26:17Z" finished-at="2020-08-03T16:26:19Z">
          <reporter-output>
          </reporter-output>
        </test-method> <!-- setUp -->
        <test-method status="PASS" signature="verifyContactsPageTitle()[pri:1, instance:com.qa.hubspot.test.ContactsPageTest@439a8f59]" name="verifyContactsPageTitle" duration-ms="12" started-at="2020-08-03T16:26:27Z" finished-at="2020-08-03T16:26:27Z">
          <reporter-output>
          </reporter-output>
        </test-method> <!-- verifyContactsPageTitle -->
        <test-method status="SKIP" signature="createContactsTest(java.lang.String, java.lang.String, java.lang.String, java.lang.String)[pri:2, instance:com.qa.hubspot.test.ContactsPageTest@439a8f59]" name="createContactsTest" duration-ms="0" started-at="2020-08-03T16:26:27Z" data-provider="getContactsTestData" finished-at="2020-08-03T16:26:27Z">
          <exception class="java.lang.RuntimeException">
            <message>
              <![CDATA[java.lang.NullPointerException]]>
            </message>
            <full-stacktrace>
              <![CDATA[java.lang.RuntimeException: java.lang.NullPointerException
	at org.testng.internal.MethodInvocationHelper.invokeDataProvider(MethodInvocationHelper.java:163)
	at org.testng.internal.Parameters.handleParameters(Parameters.java:430)
	at org.testng.internal.Invoker.handleParameters(Invoker.java:1276)
	at org.testng.internal.Invoker.createParameters(Invoker.java:991)
	at org.testng.internal.Invoker.invokeTestMethods(Invoker.java:1081)
	at org.testng.internal.TestMethodWorker.invokeTestMethods(TestMethodWorker.java:129)
	at org.testng.internal.TestMethodWorker.run(TestMethodWorker.java:112)
	at org.testng.TestRunner.privateRun(TestRunner.java:782)
	at org.testng.TestRunner.run(TestRunner.java:632)
	at org.testng.SuiteRunner.runTest(SuiteRunner.java:366)
	at org.testng.SuiteRunner.runSequentially(SuiteRunner.java:361)
	at org.testng.SuiteRunner.privateRun(SuiteRunner.java:319)
	at org.testng.SuiteRunner.run(SuiteRunner.java:268)
	at org.testng.SuiteRunnerWorker.runSuite(SuiteRunnerWorker.java:52)
	at org.testng.SuiteRunnerWorker.run(SuiteRunnerWorker.java:86)
	at org.testng.TestNG.runSuitesSequentially(TestNG.java:1244)
	at org.testng.TestNG.runSuitesLocally(TestNG.java:1169)
	at org.testng.TestNG.run(TestNG.java:1064)
	at org.testng.remote.RemoteTestNG.run(RemoteTestNG.java:113)
	at org.testng.remote.RemoteTestNG.initAndRun(RemoteTestNG.java:206)
	at org.testng.remote.RemoteTestNG.main(RemoteTestNG.java:177)
Caused by: java.lang.NullPointerException
	at com.qa.hubspot.util.ExcelUtil.getTestData(ExcelUtil.java:28)
	at com.qa.hubspot.test.ContactsPageTest.getContactsTestData(ContactsPageTest.java:53)
	at sun.reflect.NativeMethodAccessorImpl.invoke0(Native Method)
	at sun.reflect.NativeMethodAccessorImpl.invoke(NativeMethodAccessorImpl.java:62)
	at sun.reflect.DelegatingMethodAccessorImpl.invoke(DelegatingMethodAccessorImpl.java:43)
	at java.lang.reflect.Method.invoke(Method.java:498)
	at org.testng.internal.MethodInvocationHelper.invokeMethod(MethodInvocationHelper.java:86)
	at org.testng.internal.MethodInvocationHelper.invokeDataProvider(MethodInvocationHelper.java:137)
	... 20 more
]]>
            </full-stacktrace>
          </exception> <!-- java.lang.RuntimeException -->
          <reporter-output>
          </reporter-output>
        </test-method> <!-- createContactsTest -->
        <test-method status="PASS" signature="tearDown()[pri:0, instance:com.qa.hubspot.test.ContactsPageTest@439a8f59]" name="tearDown" is-config="true" duration-ms="1" started-at="2020-08-03T16:26:27Z" finished-at="2020-08-03T16:26:27Z">
          <reporter-output>
          </reporter-output>
        </test-method> <!-- tearDown -->
        <test-method status="PASS" signature="tearDown()[pri:0, instance:com.qa.hubspot.test.LoginPageTest@5ab14cb9]" name="tearDown" is-config="true" duration-ms="102" started-at="2020-08-03T16:26:27Z" finished-at="2020-08-03T16:26:28Z">
          <reporter-output>
          </reporter-output>
        </test-method> <!-- tearDown -->
        <test-method status="PASS" signature="tearDown()[pri:0, instance:com.qa.hubspot.test.HomePageTest@5fb97279]" name="tearDown" is-config="true" duration-ms="0" started-at="2020-08-03T16:26:27Z" finished-at="2020-08-03T16:26:27Z">
          <reporter-output>
          </reporter-output>
        </test-method> <!-- tearDown -->
      </class> <!-- com.qa.hubspot.test.ContactsPageTest -->
    </test> <!-- HubSpot Fuctional Regression Test -->
  </suite> <!-- HubSpot Regression Test Suite -->
</testng-results>
